<?xml version="1.0" encoding="UTF-8" standalone="no"?>
<testsuite failures="0" name="cucumber.runtime.formatter.JUnitFormatter" skipped="0" tests="2" time="37.293399">
<testcase classname="" name="_2" time="17.99843">
<system-out><![CDATA[Given User have enter facebook login page through edge browser..............passed
When User enter invalid username and invalid password.......................passed
And User click the login button.............................................passed
Then User should be in invalid credential page..............................passed
]]></system-out>
</testcase>
<testcase classname="" name="_3" time="19.294969">
<system-out><![CDATA[Given User have enter facebook login page through edge browser..............passed
When User enter valid username and invalid password.........................passed
And User click the login button.............................................passed
Then User should be in invalid credential page..............................passed
]]></system-out>
</testcase>
</testsuite>
